***********[[Uri Parse Error]]***********
1) /accessReviews('<id>')/applyDecisions():==> Sequence contains no elements
2) /accessReviews('<id>')/resetDecisions():==> Sequence contains no elements
3) /accessReviews('<id>')/sendReminder():==> Sequence contains no elements
4) /accessReviews('<id>')/stop():==> Sequence contains no elements
5) /administrativeUnits/{id}/members/{id}/$ref:==> Unknown kind of segment: '$ref', previous segment: '{id}'.
6) /administrativeUnits/{id1}/members/{id2}/$ref:==> Unknown kind of segment: '$ref', previous segment: '{id2}'.
7) /bookingBusinesses/Contosolunchdelivery@M365B489948.onmicrosoft.com/appointments/AAMkADKoAAA=/cancel:==> Unknown kind of segment: 'AAMkADKoAAA=', previous segment: 'appointments'.
8) /bookingBusinesses/Contosolunchdelivery@M365B489948.onmicrosoft.com/appointments/AAMkADKqAAA=:==> Unknown kind of segment: 'AAMkADKqAAA=', previous segment: 'appointments'.
9) /bookingBusinesses/Contosolunchdelivery@M365B489948.onmicrosoft.com/appointments/AAMkADKnAAA=:==> Unknown kind of segment: 'AAMkADKnAAA=', previous segment: 'appointments'.
10) /me/calendars/AAMkAGViNDU7zAAAAAGtlAAA=/events:==> Unknown kind of segment: 'AAMkAGViNDU7zAAAAAGtlAAA=', previous segment: 'calendars'.
11) /me/calendarGroup/calendars:==> Unknown kind of segment: 'calendarGroup', previous segment: 'me'.
12) /me/calendargroups/AAMkADYAAAR9NR5AAA=/calendars:==> Unknown kind of segment: 'AAMkADYAAAR9NR5AAA=', previous segment: 'calendargroups'.
13) /app/calls/{id}/updateMetadata:==> Unknown kind of segment: 'updateMetadata', previous segment: '{id}'.
14) /workbook/worksheets/{id|name}/charts/{name}/delete:==> Unknown kind of first segment: 'workbook'
15) /me/drive/items/{id}/workbook/worksheets/{id|name}/charts/{name}/delete:==> Unknown kind of segment: 'delete', previous segment: '{name}'.
16) /workbook/worksheets/{id|name}/charts/{name}:==> Unknown kind of first segment: 'workbook'
17) /workbook/worksheets/{id|name}/charts/{name}/Image(width=0,height=0,fittingMode='fit'):==> Unknown kind of first segment: 'workbook'
18) /workbook/worksheets/{id|name}/charts/{name}/series:==> Unknown kind of first segment: 'workbook'
19) /workbook/worksheets/{id|name}/charts:==> Unknown kind of first segment: 'workbook'
20) /workbook/worksheets/{id|name}/charts/{name}/setData:==> Unknown kind of first segment: 'workbook'
21) /workbook/worksheets/{id|name}/charts/{name}/setPosition:==> Unknown kind of first segment: 'workbook'
22) /workbook/worksheets/{id|name}/charts/{name}/axes/valueaxis:==> Unknown kind of first segment: 'workbook'
23) /workbook/worksheets/{id|name}/charts/{name}/axes/valueaxis/title:==> Unknown kind of first segment: 'workbook'
24) /workbook/worksheets/{id|name}/charts/add:==> Unknown kind of first segment: 'workbook'
25) /workbook/worksheets/{id|name}/charts/ItemAt:==> Unknown kind of first segment: 'workbook'
26) /me/drive/items/{id}/workbook/worksheets/{id|name}/charts/ItemAt:==> Sequence contains no elements
27) /workbook/worksheets/{id|name}/charts/{name}/datalabels:==> Unknown kind of first segment: 'workbook'
28) /workbook/worksheets/{id|name}/charts/{name}/format/fill/clear:==> Unknown kind of first segment: 'workbook'
29) /workbook/worksheets/{id|name}/charts/{name}/format/fill/setSolidColor:==> Unknown kind of first segment: 'workbook'
30) /workbook/worksheets/{id|name}/charts/{name}/axes/valueaxis/format/font:==> Unknown kind of first segment: 'workbook'
31) /workbook/worksheets/{id|name}/charts/{name}/axes/valueaxis/minorgridlines:==> Unknown kind of first segment: 'workbook'
32) /workbook/worksheets/{id|name}/charts/{name}/legend:==> Unknown kind of first segment: 'workbook'
33) /workbook/worksheets/{id|name}/charts/{name}/axes/seriesaxis/format/line/clear:==> Unknown kind of first segment: 'workbook'
34) /workbook/worksheets/{id|name}/charts/{name}/axes/seriesaxis/format/line:==> Unknown kind of first segment: 'workbook'
35) /workbook/worksheets/{id|name}/charts/{name}/series/{undefined}/points/{undefined}:==> Unknown kind of first segment: 'workbook'
36) /workbook/worksheets/{id|name}/charts/{name}/series/{undefined}/points:==> Unknown kind of first segment: 'workbook'
37) /workbook/worksheets/{id|name}/charts/{name}/series/{undefined}/points/ItemAt:==> Unknown kind of first segment: 'workbook'
38) /me/drive/items/{id}/workbook/worksheets/{id|name}/charts/{name}/series/{undefined}/points/ItemAt:==> Sequence contains no elements
39) /workbook/worksheets/{id|name}/charts/{name}/series/{undefined}:==> Unknown kind of first segment: 'workbook'
40) /workbook/worksheets/{id|name}/charts/{name}/series/ItemAt:==> Unknown kind of first segment: 'workbook'
41) /me/drive/items/{id}/workbook/worksheets/{id|name}/charts/{name}/series/ItemAt:==> Sequence contains no elements
42) /workbook/worksheets/{id|name}/charts/{name}/title:==> Unknown kind of first segment: 'workbook'
43) /teams/{id}/channels/{id}/messages/{id}/hostedImages/{id}:==> Unknown kind of segment: 'hostedImages', previous segment: '{id}'.
44) /teams/{id}/channels/{id}/messages/{id}/hostedImages/{id}/$value:==> Unknown kind of segment: 'hostedImages', previous segment: '{id}'.
45) /teams/{id}/channels/{id}/messages/{id}/hostedImages:==> Unknown kind of segment: 'hostedImages', previous segment: '{id}'.
46) /connectorGroups/{id}/members/{id}:==> Unknown kind of first segment: 'connectorGroups'
47) /connectors/{id}/memberOf:==> Unknown kind of first segment: 'connectors'
48) /connectors:==> Unknown kind of first segment: 'connectors'
49) /connectorGroups/{id}:==> Unknown kind of first segment: 'connectorGroups'
50) /connectorGroups/{id}/applications:==> Unknown kind of first segment: 'connectorGroups'
51) /connectorGroups/{id}/members:==> Unknown kind of first segment: 'connectorGroups'
52) /connectorGroups:==> Unknown kind of first segment: 'connectorGroups'
53) /connectorGroups/{id}/members/$ref:==> Unknown kind of first segment: 'connectorGroups'
54) /me/contacts/AAMkAGI2THk0AAA=:==> Unknown kind of segment: 'AAMkAGI2THk0AAA=', previous segment: 'contacts'.
55) /me/contacts/AAMkADh6v5AAAvgTCEAAA=:==> Unknown kind of segment: 'AAMkADh6v5AAAvgTCEAAA=', previous segment: 'contacts'.
56) /groups/0d75b8dc-c42d-44dd-890a-751a99c0589f/threads/AAQkAD8EJUmcWwTJi06Cew==/posts:==> Invalid parameter at AAQkAD8EJUmcWwTJi06Cew==
57) /directoryObject/ffab4dce-9b82-49a6-b7c7-1a143106598c:==> Unknown kind of first segment: 'directoryObject'
58) /directoryroles/{id}/members/{id}/$ref:==> Unknown kind of segment: '$ref', previous segment: '{id}'.
59) /drive/root:/{item-path}:/createUploadSession:==> Unknown kind of segment: 'root:', previous segment: 'drive'.
60) /me/drive/root:/{path_to_parent}:==> Unknown kind of segment: 'root:', previous segment: 'drive'.
61) /drives/{drive-id}/root:/{path-relative-to-root}:/children:==> Unknown kind of segment: 'root:', previous segment: '{drive-id}'.
62) /me/drive/items/{item-id}/thumbnails/{thumb-id}/{size}:==> Unknown kind of segment: '{size}', previous segment: '{thumb-id}'.
63) /me/drive/items/{item-id}/thumbnails/{thumb-id}/{size}/content:==> Unknown kind of segment: '{size}', previous segment: '{thumb-id}'.
64) /drives/{drive-id}/items/{parent-id}:/{filename}:/content:==> Unknown kind of segment: '{filename}:', previous segment: '{parent-id}:'.
65) /me/drive/root:/FolderA/FileB.txt:/content:==> Unknown kind of segment: 'root:', previous segment: 'drive'.
66) /education/classes/{id}/assignments/{id}/categories/{id}/$ref:==> Unknown kind of segment: '$ref', previous segment: '{id}'.
67) /education/classes/11021/assignments/19002/categories/ec98f158-341d-4fea-9f8c-14a250d489ac/$ref:==> Unknown kind of segment: '$ref', previous segment: 'ec98f158-341d-4fea-9f8c-14a250d489ac'.
68) /educationClasses/assignments/{id}/resources/{id}:==> Unknown kind of first segment: 'educationClasses'
69) /education/classes/{id}/members/{userId}/$ref:==> Unknown kind of segment: '$ref', previous segment: '{userId}'.
70) /education/classes/{id}/teachers/{userId}/$ref:==> Unknown kind of segment: '$ref', previous segment: '{userId}'.
71) /education/classes/{id}/delta:==> Unknown kind of segment: 'delta', previous segment: '{id}'.
72) /education/schools/{id}/classes/{classId}/$ref:==> Unknown kind of segment: '$ref', previous segment: '{classId}'.
73) /education/schools/{id}/users/{userId}/$ref:==> Unknown kind of segment: '$ref', previous segment: '{userId}'.
74) /education/schools/{id}/delta:==> Unknown kind of segment: 'delta', previous segment: '{id}'.
75) /educationClasses/assignments/{id}/submissions/{id}/resources:==> Unknown kind of first segment: 'educationClasses'
76) /education/classes/{id}/assignments/{id}/submissions/{id}/recall:==> Unknown kind of segment: 'recall', previous segment: '{id}'.
77) /education/classes/11021/assignments/19002/submissions/850f51b7/recall:==> Unknown kind of segment: 'recall', previous segment: '850f51b7'.
78) /education/classes/{id}/assignments/{id}/submissions/{id}/release:==> Unknown kind of segment: 'release', previous segment: '{id}'.
79) /education/classes/11021/assignments/19002/submissions/850f51b7/release:==> Unknown kind of segment: 'release', previous segment: '850f51b7'.
80) /educationClasses/assignments/{id}/submissions/{id}/resources/{id}:==> Unknown kind of first segment: 'educationClasses'
81) /synchronizationProfiles/{id}/errors:==> Unknown kind of first segment: 'synchronizationProfiles'
82) /synchronizationProfiles/{id}:==> Unknown kind of first segment: 'synchronizationProfiles'
83) /synchronizationProfiles:==> Unknown kind of first segment: 'synchronizationProfiles'
84) /synchronizationProfiles/{id}/pause:==> Unknown kind of first segment: 'synchronizationProfiles'
85) /synchronizationProfiles/{id}/reset:==> Unknown kind of first segment: 'synchronizationProfiles'
86) /synchronizationProfiles/{id}/resume:==> Unknown kind of first segment: 'synchronizationProfiles'
87) /synchronizationProfiles/{id}/start:==> Unknown kind of first segment: 'synchronizationProfiles'
88) /synchronizationProfiles/{id}/uploadUrl:==> Unknown kind of first segment: 'synchronizationProfiles'
89) /synchronizationProfiles/{id}/profileStatus:==> Unknown kind of first segment: 'synchronizationProfiles'
90) /education/me/delta:==> Unknown kind of segment: 'delta', previous segment: 'me'.
91) /me/events/AAMkAGIAAAoZDOFAAA=/:==> Unknown kind of segment: 'AAMkAGIAAAoZDOFAAA=', previous segment: 'events'.
92) /me/events/AAMkAGI1AAAoZDOFAAA=/:==> Unknown kind of segment: 'AAMkAGI1AAAoZDOFAAA=', previous segment: 'events'.
93) /me/events/AAMkADAGAADDdm4NAAA=/:==> Unknown kind of segment: 'AAMkADAGAADDdm4NAAA=', previous segment: 'events'.
94) /me/events/AAMkAGUzYRgWAAA=/instances:==> Unknown kind of segment: 'AAMkAGUzYRgWAAA=', previous segment: 'events'.
95) /me/events/{AAMkAGI1AAAt9AHjAAA=}/attachments:==> Unknown kind of segment: '{AAMkAGI1AAAt9AHjAAA=}', previous segment: 'events'.
96) /me/events/AAMkAGE1M88AADUv0uAAAG=/attachments:==> Unknown kind of segment: 'AAMkAGE1M88AADUv0uAAAG=', previous segment: 'events'.
97) /me/messages/AAMkADYAAAImV_lAAA=:==> Unknown kind of segment: 'AAMkADYAAAImV_lAAA=', previous segment: 'messages'.
98) /me/messages/AAMkADYAAAImV_jAAA=/:==> Unknown kind of segment: 'AAMkADYAAAImV_jAAA=', previous segment: 'messages'.
99) /workbook/tables/{id|name}/columns/{id|name}/filter/apply:==> Unknown kind of first segment: 'workbook'
100) /workbook/tables/{id|name}/columns/{id|name}/filter/clear:==> Unknown kind of first segment: 'workbook'
101) /workbook/names/{name}/range/format/protection:==> Unknown kind of first segment: 'workbook'
102) me/devices/{id}/command/{id}/responsePayload:==> Unknown kind of segment: 'command', previous segment: '{id}'.
103) /groups/02bd9fd6-8f93-4758-87c3-1fb73740a315/conversations/AAQkAGI5MWY5ZmUyLTJiNzYtNDE0ZC04OWEwLWM3M2FjYmM3NzNlZgAQABuXO3guDWBMpyKF7LsVwfU=:==> Unknown kind of segment: 'AAQkAGI5MWY5ZmUyLTJiNzYtNDE0ZC04OWEwLWM3M2FjYmM3NzNlZgAQABuXO3guDWBMpyKF7LsVwfU=', previous segment: 'conversations'.
104) /groups/02bd9fd6-8f93-4758-87c3-1fb73740a315/events/AQMkAGI5MWY5ZmUyLTJiNzYtNDE0ZC04OWEwLWM3M2FjYmM3NwAzZWYARgAAA_b2VnUAiWNLj0xeSOs499YHAMT2RdsuOqRIlQZ4vOzp66YAAAIBDQAAAMT2RdsuOqRIlQZ4vOzp66YAAAIJOgAAAA==:==> Invalid parameter at AQMkAGI5MWY5ZmUyLTJiNzYtNDE0ZC04OWEwLWM3M2FjYmM3NwAzZWYARgAAA_b2VnUAiWNLj0xeSOs499YHAMT2RdsuOqRIlQZ4vOzp66YAAAIBDQAAAMT2RdsuOqRIlQZ4vOzp66YAAAIJOgAAAA==
105) /groups/{id}/members/{id}/$ref:==> Unknown kind of segment: '$ref', previous segment: '{id}'.
106) /groups/{id}/owners/{id}/$ref:==> Unknown kind of segment: '$ref', previous segment: '{id}'.
107) /groups/02bd9fd6-8f93-4758-87c3-1fb73740a315/threads/AAQkAGI5MWY5ZmUyLTJiNzYtNDE0ZC04OWEwLWM3M2FjYmM3NzNlZgMkABAAG5c7eC4NYEynIoXsuxXB9RAAG5c7eC4NYEynIoXsuxXB9Q==:==> Invalid parameter at AAQkAGI5MWY5ZmUyLTJiNzYtNDE0ZC04OWEwLWM3M2FjYmM3NzNlZgMkABAAG5c7eC4NYEynIoXsuxXB9RAAG5c7eC4NYEynIoXsuxXB9Q==
108) /workbook/tables/{id|name}/sort/fields/icon:==> Unknown kind of first segment: 'workbook'
109) /me/drive/items/{id}/workbook/tables/{id|name}/sort/fields/icon:==> Unknown kind of segment: 'icon', previous segment: 'fields'.
110) /drives/{drive-id}/items/{item-id}/getActivitiesByInterval(startDateTime='2017-01-01',endDateTime='2017-01-10',interval='day'):==> Sequence contains no elements
111) /drives/{drive-id}/items/{item-id}/getActivitiesByInterval(startDateTime='2017-01-01',endDateTime='2017-01-3',interval='day'):==> Sequence contains no elements
112) /sites/{site-id}/items/{item-id}/versions:==> Unknown kind of segment: 'versions', previous segment: '{item-id}'.
113) /sites/{site-id}/items/{item-id}/versions/{version-id}:==> Unknown kind of segment: 'versions', previous segment: '{item-id}'.
114) /sites/{site-id}/items/{item-id}/versions/{version-id}/restoreVersion:==> Unknown kind of segment: 'versions', previous segment: '{item-id}'.
115) /locatedRiskEvents/{id}:==> Unknown kind of first segment: 'locatedRiskEvents'
116) /locatedRiskEvents/27b91217-a6ca-edff-da2b-c46feaf0228f-a6653179-3c7b-4e99-bb4c-dddeb18adfc1-42445d4d-fe22-9840-cf9d-72f6ce8cd056:==> Unknown kind of first segment: 'locatedRiskEvents'
117) /me/mailfolders/AQMkADYAAAIBDAAAAA==/childfolders:==> Invalid parameter at AQMkADYAAAIBDAAAAA==
118) /me/messages/AAMkADA1MTAAAH5JaLAAA=/createForward:==> Unknown kind of segment: 'AAMkADA1MTAAAH5JaLAAA=', previous segment: 'messages'.
119) /me/messages/AAMkADA1MTAAAAqldOAAA=/createReply:==> Unknown kind of segment: 'AAMkADA1MTAAAAqldOAAA=', previous segment: 'messages'.
120) /me/messages/AAMkADA1MTAAAH5JaKAAA=/createReplyAll:==> Unknown kind of segment: 'AAMkADA1MTAAAH5JaKAAA=', previous segment: 'messages'.
121) /me/messages/AAMkADA1MTAAAH5JaLAAA=/forward:==> Unknown kind of segment: 'AAMkADA1MTAAAH5JaLAAA=', previous segment: 'messages'.
122) /me/messages/{id}/$value:==> Unknown kind of segment: '$value', previous segment: '{id}'.
123) /me/messages/AAMkAGI1AAAoZCfHAAA=:==> Unknown kind of segment: 'AAMkAGI1AAAoZCfHAAA=', previous segment: 'messages'.
124) /me/messages/AAMkAGI1AAAoZCfHAAA=/:==> Unknown kind of segment: 'AAMkAGI1AAAoZCfHAAA=', previous segment: 'messages'.
125) /me/messages/AAMkADhAAATs28OAAA=/move:==> Unknown kind of segment: 'AAMkADhAAATs28OAAA=', previous segment: 'messages'.
126) /me/messages/AAMkADA1MTAAAAqldOAAA=/reply:==> Unknown kind of segment: 'AAMkADA1MTAAAAqldOAAA=', previous segment: 'messages'.
127) /me/messages/AAMkADA1MTAAAH5JaKAAA=/replyAll:==> Unknown kind of segment: 'AAMkADA1MTAAAH5JaKAAA=', previous segment: 'messages'.
128) /workbook/names/add:==> Unknown kind of first segment: 'workbook'
129) /workbook/names/{name}:==> Unknown kind of first segment: 'workbook'
130) /workbook/names:==> Unknown kind of first segment: 'workbook'
131) /workbook/names/{name}/Range:==> Unknown kind of first segment: 'workbook'
132) /onenote/notebooks/getrecentnotebooks(includePersonalNotebooks=true):==> Unknown kind of first segment: 'onenote'
133) ~/onPremisesPublishingProfiles/{publishingType}/agents/{id1}/agentGroups/{id2}/$ref:==> Unknown kind of first segment: '~'
134) /onPremisesPublishingProfiles/provisioning/agents/1234b780-965f-4149-85c5-a8c73e58b67d/agentGroups/8832388F-3814-4952-B288-FFB62081FE25/$ref:==> Unknown kind of segment: '$ref', previous segment: '8832388F-3814-4952-B288-FFB62081FE25'.
135) ~/onPremisesPublishingProfiles/{publishingType}/agents/{id1}/:==> Unknown kind of first segment: '~'
136) ~/onPremisesPublishingProfiles/{publishingType}/agents:==> Unknown kind of first segment: '~'
137) ~/onPremisesPublishingProfiles/{publishingType}/agents/{id1}/agentGroups/$ref:==> Unknown kind of first segment: '~'
138) ~/onPremisesPublishingProfiles/{publishingType}/agentGroups/{id1}:==> Unknown kind of first segment: '~'
139) ~/onPremisesPublishingProfiles/{publishingType}/agentGroups/{id}:==> Unknown kind of first segment: '~'
140) ~/onPremisesPublishingProfiles/{publishingType}/agentGroups:==> Unknown kind of first segment: '~'
141) ~/onPremisesPublishingProfiles/{publishingType}/agentGroups/{id}/agents:==> Unknown kind of first segment: '~'
142) ~/onPremisesPublishingProfiles/{publishingType}/:==> Unknown kind of first segment: '~'
143) ~/onPremisesPublishingProfiles/{publishingType}/hybridAgentUpdaterConfiguration:==> Unknown kind of first segment: '~'
144) /me/messages/AAMkAGE1M2IyNGNmLTI5MTktNDUyZi1iOTVl===/extensions/Com.Contoso.Referral/:==> Invalid parameter at AAMkAGE1M2IyNGNmLTI5MTktNDUyZi1iOTVl===
145) /groups/f5480dfd-7d77-4d0b-ba2e-3391953cc74a/events/AAMkADVlN17IsAAA=/extensions/Com.Contoso.Referral:==> Unknown kind of segment: 'AAMkADVlN17IsAAA=', previous segment: 'events'.
146) /me/messages/AAMkAGE1M2IyNGNmLTI5MTktNDUyZi1iOTVl==='/extensions/Com.Contoso.Referral:==> Invalid parameter at AAMkAGE1M2IyNGNmLTI5MTktNDUyZi1iOTVl==='
147) /me/messages/AAMkAGE1M2IyNGNmLTI5MTktNDUyZi1iOTVl==='/extensions/Microsoft.OutlookServices.OpenTypeExtension.Com.Contoso.Referral'):==> Invalid parameter at AAMkAGE1M2IyNGNmLTI5MTktNDUyZi1iOTVl==='
148) /groups/f5480dfd-7d77-4d0b-ba2e-3391953cc74a/events/AAMkADVl17IsAAA=/extensions/Com.Contoso.Deal:==> Unknown kind of segment: 'AAMkADVl17IsAAA=', previous segment: 'events'.
149) /me/messages/AAMkAGE1M2IyNGNmLTI5MTktNDUyZi1iOTVl===/:==> Invalid parameter at AAMkAGE1M2IyNGNmLTI5MTktNDUyZi1iOTVl===
150) /groups/37df2ff0-0de0-4c33-8aee-75289364aef6/threads/AAQkADJizZJpEWwqDHsEpV_KA==/posts/AAMkADJiUg96QZUkA-ICwMubAADDEd7UAAA=/extensions/Microsoft.OutlookServices.OpenTypeExtension.Com.Contoso.Estimate:==> Invalid parameter at AAQkADJizZJpEWwqDHsEpV_KA==
151) /me/messages/AAMkAGE1M2IyNGNmLTI5MTktNDUyZi1iOTVl===/extensions:==> Invalid parameter at AAMkAGE1M2IyNGNmLTI5MTktNDUyZi1iOTVl===
152) /groups/f5480dfd-7d77-4d0b-ba2e-3391953cc74a/events/AAMkADVl17IsAAA=/extensions:==> Unknown kind of segment: 'AAMkADVl17IsAAA=', previous segment: 'events'.
153) /groups/37df2ff0-0de0-4c33-8aee-75289364aef6/threads/AAQkADJizZJpEWwqDHsEpV_KA==/posts/AAMkADJiUg96QZUkA-ICwMubAAC1heiSAAA=/reply:==> Invalid parameter at AAQkADJizZJpEWwqDHsEpV_KA==
154) /me/messages/AAMkAGE1M2IyNGNmLTI5MTktNDUyZi1iOTVl===/extensions/Com.Contoso.Referral:==> Invalid parameter at AAMkAGE1M2IyNGNmLTI5MTktNDUyZi1iOTVl===
155) /me/messages/AAMkAGE1M2IyNGNmLTI5MTktNDUyZi1iOTVl===/extensions/Microsoft.OutlookServices.OpenTypeExtension.Com.Contoso.Referral:==> Invalid parameter at AAMkAGE1M2IyNGNmLTI5MTktNDUyZi1iOTVl===
156) /me/tasks('AAMkADA1MT15rfAAA=')/complete:==> Unknown kind of segment: 'tasks', previous segment: 'me'.
157) /me/outlook/tasks/AAMkADIyAAAhrb_QAAA=:==> Unknown kind of segment: 'AAMkADIyAAAhrb_QAAA=', previous segment: 'tasks'.
158) /me/outlook/tasks/AAMkADA1MTrgAAA=:==> Unknown kind of segment: 'AAMkADA1MTrgAAA=', previous segment: 'tasks'.
159) /me/outlook/tasks/AAMkADA1MHgwAAA=:==> Unknown kind of segment: 'AAMkADA1MHgwAAA=', previous segment: 'tasks'.
160) /me/outlook/tasks/AAMkADA1MTHgwAAA=:==> Unknown kind of segment: 'AAMkADA1MTHgwAAA=', previous segment: 'tasks'.
161) /me/outlook/taskFolders/AAMkADIyAAAhrbPXAAA=:==> Unknown kind of segment: 'AAMkADIyAAAhrbPXAAA=', previous segment: 'taskFolders'.
162) /me/outlook/taskFolders/AAMkADIyAAAAABrJAAA=:==> Unknown kind of segment: 'AAMkADIyAAAAABrJAAA=', previous segment: 'taskFolders'.
163) /me/outlook/taskFolders/AAMkADIyAAAhrbPWAAA=/tasks:==> Unknown kind of segment: 'AAMkADIyAAAhrbPWAAA=', previous segment: 'taskFolders'.
164) /me/taskfolders('AAMkADIyAAAhrbPXAAA=')/tasks:==> Unknown kind of segment: 'taskfolders', previous segment: 'me'.
165) /me/outlook/taskFolders/AAMkADIyAAAhrbPWAAA=:==> Unknown kind of segment: 'AAMkADIyAAAhrbPWAAA=', previous segment: 'taskFolders'.
166) /me/outlook/taskgroups/AAMkADIyAAAhrbe-AAA=:==> Unknown kind of segment: 'AAMkADIyAAAhrbe-AAA=', previous segment: 'taskgroups'.
167) /me/outlook/taskGroups/AAMkADIyAAAhrbe-AAA=:==> Unknown kind of segment: 'AAMkADIyAAAhrbe-AAA=', previous segment: 'taskGroups'.
168) /me/outlook/taskGroups/AAMkADIyAAAhrbe-AAA=/taskFolders:==> Unknown kind of segment: 'AAMkADIyAAAhrbe-AAA=', previous segment: 'taskGroups'.
169) /me/taskgroups/AAMkADIyAAAhrbe-AAA'/taskfolders:==> Unknown kind of segment: 'taskgroups', previous segment: 'me'.
170) /me/drive/root/items/{item-id}/permissions/{perm-id}:==> Unknown kind of segment: 'items', previous segment: 'root'.
171) /users/{id|userPrincipalName}/photo/$value:==> Unknown kind of segment: '$value', previous segment: 'photo'.
172) /places/microsoft.graph.room:==> Unable to cast object of type 'Microsoft.OData.Edm.Csdl.CsdlSemantics.CsdlSemanticsEntityTypeDefinition' to type 'Microsoft.OData.Edm.IEdmCollectionType'.
173) /places/microsoft.graph.roomlist:==> Unable to cast object of type 'Microsoft.OData.Edm.Csdl.CsdlSemantics.CsdlSemanticsEntityTypeDefinition' to type 'Microsoft.OData.Edm.IEdmCollectionType'.
174) /groups/0d75b8dc-c42d-44dd-890a-751a99c0589f/threads/AAQkAD8EJUmcWwTJi06Cew==/posts/AQMkADgAAAIJbQAAAA==:==> Invalid parameter at AAQkAD8EJUmcWwTJi06Cew==
175) /privilegedApproval{request-id}:==> Unknown kind of first segment: 'privilegedApproval{request-id}'
176) /me/photo/$value:==> Unknown kind of segment: '$value', previous segment: 'photo'.
177) /me/photos/48x48/$value:==> Unknown kind of segment: '$value', previous segment: '48x48'.
178) ~/onPremisesPublishingProfiles/{publishingType}/publishedResources/{id1}/agentGroups{id2}/$ref:==> Unknown kind of first segment: '~'
179) /onPremisesPublishingProfiles/provisioning/publishedResources/1234b780-965f-4149-85c5-a8c73e58b67d/agentGroups/8832388F-3814-4952-B288-FFB62081FE25/$ref:==> Unknown kind of segment: '$ref', previous segment: '8832388F-3814-4952-B288-FFB62081FE25'.
180) ~/onPremisesPublishingProfiles/{publishingType}/publishedResources/{id1}/agentGroups/{id2}/$ref:==> Unknown kind of first segment: '~'
181) ~/onPremisesPublishingProfiles/{publishingType}/publishedResources/{id1}:==> Unknown kind of first segment: '~'
182) ~/onPremisesPublishingProfiles/{publishingType}/publishedResources:==> Unknown kind of first segment: '~'
183) ~/onPremisesPublishingProfiles/{publishingType}/publishedResources/{id1}/agentGroups/$ref:==> Unknown kind of first segment: '~'
184) /workbook/names/{name}/range/BoundingRect:==> Unknown kind of first segment: 'workbook'
185) /me/drive/items/{id}/workbook/names/{name}/range/BoundingRect:==> Sequence contains no elements
186) /workbook/names/{name}/range/Cell:==> Unknown kind of first segment: 'workbook'
187) /me/drive/items/{id}/workbook/names/{name}/range/Cell:==> Sequence contains no elements
188) /workbook/names/{name}/range/clear:==> Unknown kind of first segment: 'workbook'
189) /workbook/names/{name}/range/Column:==> Unknown kind of first segment: 'workbook'
190) /me/drive/items/{id}/workbook/names/{name}/range/Column:==> Sequence contains no elements
191) /workbook/names/{name}/range/delete:==> Unknown kind of first segment: 'workbook'
192) /workbook/names/{name}/range/EntireColumn:==> Unknown kind of first segment: 'workbook'
193) /workbook/names/{name}/range/EntireRow:==> Unknown kind of first segment: 'workbook'
194) /workbook/worksheets/{id|name}/range(address='<address>'):==> Unknown kind of first segment: 'workbook'
195) /workbook/names/{name}/range/insert:==> Unknown kind of first segment: 'workbook'
196) /workbook/names/{name}/range/Intersection:==> Unknown kind of first segment: 'workbook'
197) /me/drive/items/{id}/workbook/names/{name}/range/Intersection:==> Sequence contains no elements
198) /workbook/names/{name}/range/LastCell:==> Unknown kind of first segment: 'workbook'
199) /workbook/names/{name}/range/LastColumn:==> Unknown kind of first segment: 'workbook'
200) /workbook/names/{name}/range/LastRow:==> Unknown kind of first segment: 'workbook'
201) /workbook/names/{name}/range/merge:==> Unknown kind of first segment: 'workbook'
202) /workbook/names/{name}/range/OffsetRange:==> Unknown kind of first segment: 'workbook'
203) /me/drive/items/{id}/workbook/names/{name}/range/OffsetRange:==> Sequence contains no elements
204) /workbook/names/{name}/range/Row:==> Unknown kind of first segment: 'workbook'
205) /me/drive/items/{id}/workbook/names/{name}/range/Row:==> Sequence contains no elements
206) /workbook/names/{name}/range/unmerge:==> Unknown kind of first segment: 'workbook'
207) /workbook/names/{name}/range:==> Unknown kind of first segment: 'workbook'
208) /workbook/names/{name}/range/UsedRange:==> Unknown kind of first segment: 'workbook'
209) /workbook/names/{name}/range/format/borders(<sideIndex>):==> Unknown kind of first segment: 'workbook'
210) /workbook/names/{name}/range/format/borders:==> Unknown kind of first segment: 'workbook'
211) /workbook/names/{name}/range/format/borders/ItemAt:==> Unknown kind of first segment: 'workbook'
212) /me/drive/items/{id}/workbook/names/{name}/range/format/borders/ItemAt:==> Sequence contains no elements
213) /workbook/names/{name}/range/format/fill/clear:==> Unknown kind of first segment: 'workbook'
214) /workbook/names/{name}/range/format/fill:==> Unknown kind of first segment: 'workbook'
215) /workbook/names/{name}/range/format/font:==> Unknown kind of first segment: 'workbook'
216) /workbook/names/{name}/range/format/autofitColumns:==> Unknown kind of first segment: 'workbook'
217) /workbook/names/{name}/range/format/autofitRows:==> Unknown kind of first segment: 'workbook'
218) /workbook/names/{name}/range/format:==> Unknown kind of first segment: 'workbook'
219) /workbook/names/{name}/range/sort/apply:==> Unknown kind of first segment: 'workbook'
220) /reports/getCredentialUsageSummary:==> Sequence contains no elements
221) /me/messages/AAMkAGE1M2_bs88AACHsLqWAAA=/:==> Unknown kind of segment: 'AAMkAGE1M2_bs88AACHsLqWAAA=', previous segment: 'messages'.
222) /sites/{hostname}:/{server-relative-path}:==> Unknown kind of segment: '{server-relative-path}', previous segment: '{hostname}:'.
223) /sites/{hostname}:/{relative-path}:==> Unknown kind of segment: '{relative-path}', previous segment: '{hostname}:'.
224) application/{id}/synchronization/templates/{templateId}:==> Unknown kind of first segment: 'application'
225) /workbook/tables/{id|name}/clearFilters:==> Unknown kind of first segment: 'workbook'
226) /workbook/tables/{id|name}/convertToRange:==> Unknown kind of first segment: 'workbook'
227) /workbook/tables/{id|name}/DataBodyRange:==> Unknown kind of first segment: 'workbook'
228) /workbook/tables/{id|name}/delete:==> Unknown kind of first segment: 'workbook'
229) /me/drive/items/{id}/workbook/tables/{id|name}/delete:==> Unknown kind of segment: 'delete', previous segment: '{id|name}'.
230) /workbook/tables/{id|name}:==> Unknown kind of first segment: 'workbook'
231) /workbook/tables/{id|name}/HeaderRowRange:==> Unknown kind of first segment: 'workbook'
232) /workbook/tables/{id|name}/columns:==> Unknown kind of first segment: 'workbook'
233) /workbook/tables/{id|name}/rows:==> Unknown kind of first segment: 'workbook'
234) /workbook/tables:==> Unknown kind of first segment: 'workbook'
235) /workbook/tables/{id|name}/rows/add:==> Unknown kind of first segment: 'workbook'
236) /workbook/tables/{id|name}/Range:==> Unknown kind of first segment: 'workbook'
237) /workbook/tables/{id|name}/reapplyFilters:==> Unknown kind of first segment: 'workbook'
238) /workbook/tables/{id|name}/TotalRowRange:==> Unknown kind of first segment: 'workbook'
239) /workbook/tables/add:==> Unknown kind of first segment: 'workbook'
240) /workbook/tables/{id|name}/columns/{id|name}/DataBodyRange:==> Unknown kind of first segment: 'workbook'
241) /workbook/tables/{id|name}/columns/{id|name}/delete:==> Unknown kind of first segment: 'workbook'
242) /me/drive/items/{id}/workbook/tables/{id|name}/columns/{id|name}/delete:==> Unknown kind of segment: 'delete', previous segment: '{id|name}'.
243) /workbook/tables/{id|name}/columns/{id|name}:==> Unknown kind of first segment: 'workbook'
244) /workbook/tables/{id|name}/columns/{id|name}/HeaderRowRange:==> Unknown kind of first segment: 'workbook'
245) /workbook/tables/{id|name}/columns/{id|name}/Range:==> Unknown kind of first segment: 'workbook'
246) /workbook/tables/{id|name}/columns/{id|name}/TotalRowRange:==> Unknown kind of first segment: 'workbook'
247) /workbook/tables/{id|name}/columns/add:==> Unknown kind of first segment: 'workbook'
248) /workbook/tables/{id|name}/columns/ItemAt:==> Unknown kind of first segment: 'workbook'
249) /me/drive/items/{id}/workbook/tables/{id|name}/columns/ItemAt:==> Sequence contains no elements
250) /workbook/tables/{id|name}/rows/{index}/delete:==> Unknown kind of first segment: 'workbook'
251) /me/drive/items/{id}/workbook/tables/{id|name}/rows/{index}/delete:==> Unknown kind of segment: 'delete', previous segment: '{index}'.
252) /workbook/tables/{id|name}/rows/{index}:==> Unknown kind of first segment: 'workbook'
253) /workbook/tables/{id|name}/rows/{index}/Range:==> Unknown kind of first segment: 'workbook'
254) /workbook/tables/{id|name}/rows/ItemAt:==> Unknown kind of first segment: 'workbook'
255) /me/drive/items/{id}/workbook/tables/{id|name}/rows/ItemAt:==> Sequence contains no elements
256) /workbook/tables/{id|name}/sort/apply:==> Unknown kind of first segment: 'workbook'
257) /workbook/tables/{id|name}/sort/clear:==> Unknown kind of first segment: 'workbook'
258) /workbook/tables/{id|name}/sort:==> Unknown kind of first segment: 'workbook'
259) /workbook/tables/{id|name}/sort/reapply:==> Unknown kind of first segment: 'workbook'
260) /trustFramework/policies/{id}/$value:==> Unknown kind of segment: '$value', previous segment: '{id}'.
261) /trustFramework/policies/B2C_1A_SocialAndLocalAccounts_Base/$value:==> Unknown kind of segment: '$value', previous segment: 'B2C_1A_SocialAndLocalAccounts_Base'.
262) /trustFramework/policies/B2C_1A_Test/$value:==> Unknown kind of segment: '$value', previous segment: 'B2C_1A_Test'.
263) /me/scopedAdministratorOf:==> Unknown kind of segment: 'scopedAdministratorOf', previous segment: 'me'.
264) /me/trendingAround:==> Unknown kind of segment: 'trendingAround', previous segment: 'me'.
265) /me/workingWith:==> Unknown kind of segment: 'workingWith', previous segment: 'me'.
266) /users/{id}/manager/$ref:==> Unknown kind of segment: '$ref', previous segment: 'manager'.
267) /workbook/closeSession:==> Unknown kind of first segment: 'workbook'
268) /workbook/createSession:==> Unknown kind of first segment: 'workbook'
269) /workbook/worksheets:==> Unknown kind of first segment: 'workbook'
270) /workbook/tables/$/add:==> Unknown kind of first segment: 'workbook'
271) /me/drive/items/{id}/workbook/tables/$/add:==> Unknown kind of segment: 'add', previous segment: '$'.
272) /workbook/refreshSession:==> Unknown kind of first segment: 'workbook'
273) /workbook/application/calculate:==> Unknown kind of first segment: 'workbook'
274) /workbook/application:==> Unknown kind of first segment: 'workbook'
275) /drive/root/workbook/worksheets/{id}/range(addres='A1:Z10')/visibleView:==> Sequence contains no elements
276) me/drive/root/workbook/worksheets/{id}/range(addres={address})/visibleView/itemAt(index={n}):==> Sequence contains no elements
277) /drive/root/workbook/worksheets/{id}/range(addres='A1:Z10')/visibleView/itemAt(index=0):==> Sequence contains no elements
278) me/drive/root/workbook/worksheets/{id}/range(addres={address})/visibleView/rows:==> Sequence contains no elements
279) /drive/root/workbook/worksheets/{id}/range(addres='A1:Z10')/visibleView/rows:==> Sequence contains no elements
280) me/drive/root/workbook/worksheets/{id}/range(addres={address})/visibleView/range:==> Sequence contains no elements
281) /drive/root/workbook/worksheets/{id}/range(addres='A1:Z10')/visibleView/range:==> Sequence contains no elements
282) /workbook/worksheets/{id|name}/Cell(row={row},column={column}):==> Unknown kind of first segment: 'workbook'
283) /workbook/worksheets/{id|name}/delete:==> Unknown kind of first segment: 'workbook'
284) /me/drive/items/{id}/workbook/worksheets/{id|name}/delete:==> Unknown kind of segment: 'delete', previous segment: '{id|name}'.
285) /workbook/worksheets/{id|name}:==> Unknown kind of first segment: 'workbook'
286) /workbook/worksheets({id|name})/names:==> Unknown kind of first segment: 'workbook'
287) /workbook/worksheets/{id|name}/tables:==> Unknown kind of first segment: 'workbook'
288) /workbook/worksheets/{id|name}/charts/:==> Unknown kind of first segment: 'workbook'
289) /workbook/worksheets/{id|name}/tables/add:==> Unknown kind of first segment: 'workbook'
290) /me/drive/items/{id}/workbook/worksheets/{id|name}/tables/$/add:==> Unknown kind of segment: 'add', previous segment: '$'.
291) /workbook/worksheets/{id|name}/Range:==> Unknown kind of first segment: 'workbook'
292) /workbook/worksheets/{id|name}/UsedRange:==> Unknown kind of first segment: 'workbook'
293) /workbook/worksheets/:==> Unknown kind of first segment: 'workbook'
294) /workbook/worksheets/{id|name}/protection:==> Unknown kind of first segment: 'workbook'
295) /workbook/worksheets/{id|name}/protection/protect:==> Unknown kind of first segment: 'workbook'
296) /workbook/worksheets/{id|name}/protection/unprotect:==> Unknown kind of first segment: 'workbook'


***********[[Permission Parse Error]]***********
1) microsoft.graph/administrativeUnits/members:==> Invalid path kind 'SingleNavigation' in 'POST'
2) microsoft.graph/applications/owners:==> Invalid path kind 'SingleNavigation' in 'POST'
3) microsoft.graph/app/calls:==> Invalid path kind 'SingleNavigation' in 'POST'
4) microsoft.graph/devices/registeredOwners:==> Invalid path kind 'SingleNavigation' in 'POST'
5) microsoft.graph/devices/registeredUsers:==> Invalid path kind 'SingleNavigation' in 'POST'
6) microsoft.graph/directoryRoles/members:==> Invalid path kind 'SingleNavigation' in 'POST'
7) microsoft.graph/drives/items/createUploadSession:==> Unknown http verb PUT
8) microsoft.graph/drives/items/content:==> Unknown http verb PUT
9) microsoft.graph/me/drive/items/content:==> Unknown http verb PUT
10) microsoft.graph/me/drive/items/unfollow:==> Invalid path kind 'Operation' in 'DELETE'
11) microsoft.graph/education/classes/assignments/categories:==> Invalid path kind 'SingleNavigation' in 'POST'
12) microsoft.graph/education/classes/members:==> Invalid path kind 'SingleNavigation' in 'POST'
13) microsoft.graph/education/classes/teachers:==> Invalid path kind 'SingleNavigation' in 'POST'
14) microsoft.graph/education/schools/classes:==> Invalid path kind 'SingleNavigation' in 'POST'
15) microsoft.graph/education/schools/users:==> Invalid path kind 'SingleNavigation' in 'POST'
16) microsoft.graph/education/synchronizationProfiles:==> Unknown http verb PUT
17) microsoft.graph/me/events:==> Invalid path kind 'CollectionNavigation' in 'PATCH'
18) microsoft.graph/groups/acceptedSenders:==> Invalid path kind 'SingleNavigation' in 'POST'
19) microsoft.graph/groups/rejectedSenders:==> Invalid path kind 'SingleNavigation' in 'POST'
20) microsoft.graph/groups/members:==> Invalid path kind 'SingleNavigation' in 'POST'
21) microsoft.graph/groups/owners:==> Invalid path kind 'SingleNavigation' in 'POST'
22) microsoft.graph/me/mailFolders/messageRules:==> Invalid path kind 'CollectionNavigation' in 'PATCH'
23) microsoft.graph/me/messages:==> Invalid path kind 'CollectionNavigation' in 'PATCH'
24) microsoft.graph/onPremisesPublishingProfiles/agents/agentGroups:==> Invalid path kind 'SingleNavigation' in 'POST'
25) microsoft.graph/app/calls/participants:==> Invalid path kind 'SingleNavigation' in 'POST'
26) microsoft.graph/applications/policies:==> Invalid path kind 'SingleNavigation' in 'POST'
27) microsoft.graph/privilegedRoles/settings:==> Unknown http verb PUT
28) microsoft.graph/me/activities:==> Unknown http verb PUT
29) microsoft.graph/me/activities/historyItems:==> Unknown http verb PUT
30) microsoft.graph/onPremisesPublishingProfiles/publishedResources/agentGroups:==> Invalid path kind 'SingleNavigation' in 'POST'
31) microsoft.graph/me/drive/items/workbook/worksheets/range(address):==> Invalid path kind 'Operation' in 'PATCH'
32) microsoft.graph/teams/schedule:==> Unknown http verb PUT
33) microsoft.graph/teams/schedule/schedulingGroups:==> Unknown http verb PUT
34) microsoft.graph/teams/schedule/shifts:==> Unknown http verb PUT
35) microsoft.graph/servicePrincipals/synchronization/jobs/schema:==> Unknown http verb PUT
36) microsoft.graph/applications/synchronization/templates:==> Unknown http verb PUT
37) microsoft.graph/groups/team:==> Unknown http verb PUT
38) microsoft.graph/appCatalogs/teamsApps:==> Unknown http verb PUT
39) microsoft.graph/teams/schedule/timesOff:==> Unknown http verb PUT
40) microsoft.graph/teams/schedule/timeOffReasons:==> Unknown http verb PUT
41) microsoft.graph/me:==> Invalid path kind 'Singleton' in 'PATCH'
