***********[[Uri Parse Error]]***********
1) /applications/{id}:==> Unknown kind of first segment: 'applications'
2) /applications/{id}/extensionproperties/{id}:==> Unknown kind of first segment: 'applications'
3) /me/calendargroup/calendars/{id}:==> Unknown kind of segment: 'calendargroup', previous segment: 'me'.
4) /me/calendargroup/calendars/{id}/events/{id}:==> Unknown kind of segment: 'calendargroup', previous segment: 'me'.
5) /me/contactfolder/{id}/childfolders/{id}/.../contacts/{id}:==> Unknown kind of segment: 'contactfolder', previous segment: 'me'.
6) /organization/{id}/certificatebasedauthconfiguration/{id}:==> Unknown kind of segment: 'certificatebasedauthconfiguration', previous segment: '{id}'.
7) /users/{id}/calendargroup/calendars/{id}:==> Unknown kind of segment: 'calendargroup', previous segment: '{id}'.
8) /users/{id}/calendargroup/calendars/{id}/events/{id}:==> Unknown kind of segment: 'calendargroup', previous segment: '{id}'.
9) /users/{id}/contactfolder/{id}/childfolders/{id}/.../contacts/{id}:==> Unknown kind of segment: 'contactfolder', previous segment: '{id}'.
10) /applications:==> Unknown kind of first segment: 'applications'
11) /applications/{id}/extensionproperties:==> Unknown kind of first segment: 'applications'
12) /applications/{id}/owners:==> Unknown kind of first segment: 'applications'
13) /communications/onlinemeetings/:==> Unknown kind of first segment: 'communications'
14) /contacts:==> Unknown kind of first segment: 'contacts'
15) /contacts/{id}:==> Unknown kind of first segment: 'contacts'
16) /contacts/{id}/directreports:==> Unknown kind of first segment: 'contacts'
17) /contacts/{id}/manager:==> Unknown kind of first segment: 'contacts'
18) /contacts/{id}/memberof:==> Unknown kind of first segment: 'contacts'
19) /contacts/{id}/transitivememberof:==> Unknown kind of first segment: 'contacts'
20) /dataClassification/jobs:==> Unknown kind of first segment: 'dataClassification'
21) /dataClassification/jobs/{id}:==> Unknown kind of first segment: 'dataClassification'
22) /dataClassification/sensitiveTypes:==> Unknown kind of first segment: 'dataClassification'
23) /dataClassification/sensitiveTypes/{id}:==> Unknown kind of first segment: 'dataClassification'
24) /directory/deleteditems/microsoft.graph.group:==> Unable to cast object of type 'Microsoft.OData.Edm.Csdl.CsdlSemantics.CsdlSemanticsEntityTypeDefinition' to type 'Microsoft.OData.Edm.IEdmCollectionType'.
25) /directory/deleteditems/microsoft.graph.user:==> Unable to cast object of type 'Microsoft.OData.Edm.Csdl.CsdlSemantics.CsdlSemanticsEntityTypeDefinition' to type 'Microsoft.OData.Edm.IEdmCollectionType'.
26) /drives/{id}/items/{id}/getactivitiesbyinterval(startdatetime={value},enddatetime={value},interval={value}):==> Sequence contains no elements
27) /drives/{id}/root:/{id}:==> Unknown kind of segment: 'root:', previous segment: '{id}'.
28) /drives/{id}/root:/{id}:/children:==> Unknown kind of segment: 'root:', previous segment: '{id}'.
29) /group/{id}/settings:==> Unknown kind of first segment: 'group'
30) /groups/{id}/drive/root:/{id}:==> Unknown kind of segment: 'root:', previous segment: 'drive'.
31) /groups/{id}/drive/{id}/versions:==> Unknown kind of segment: '{id}', previous segment: 'drive'.
32) /groups/{id}/drive/{id}/versions/{id}:==> Unknown kind of segment: '{id}', previous segment: 'drive'.
33) /groups/{id}/drive/{id}/versions/{id}/content:==> Unknown kind of segment: '{id}', previous segment: 'drive'.
34) /me/calendargroup/calendars:==> Unknown kind of segment: 'calendargroup', previous segment: 'me'.
35) /me/calendargroup/calendars/{id}/calendarview:==> Unknown kind of segment: 'calendargroup', previous segment: 'me'.
36) /me/calendargroup/calendars/{id}/events:==> Unknown kind of segment: 'calendargroup', previous segment: 'me'.
37) /me/calendargroup/calendars/{id}/events/{id}/attachments:==> Unknown kind of segment: 'calendargroup', previous segment: 'me'.
38) /me/calendargroup/calendars/{id}/events/{id}/instances:==> Unknown kind of segment: 'calendargroup', previous segment: 'me'.
39) /me/contactfolder/{id}/childfolders/{id}/.../contacts:==> Unknown kind of segment: 'contactfolder', previous segment: 'me'.
40) /me/drive/items/{id}/thumbnails/{id}/{id}:==> Unknown kind of segment: '{id}', previous segment: '{id}'.
41) /me/drive/items/{id}/thumbnails/{id}/{id}/content:==> Unknown kind of segment: '{id}', previous segment: '{id}'.
42) /me/drive/root:/{id}:==> Unknown kind of segment: 'root:', previous segment: 'drive'.
43) /me/drive/root:/{id}:/content:==> Unknown kind of segment: 'root:', previous segment: 'drive'.
44) /me/drive/root:/{id}:/permissions:==> Unknown kind of segment: 'root:', previous segment: 'drive'.
45) /me/mailboxsettings/dateformat:==> Unknown kind of segment: 'dateformat', previous segment: 'mailboxsettings'.
46) /me/mailboxsettings/timeformat:==> Unknown kind of segment: 'timeformat', previous segment: 'mailboxsettings'.
47) /me/mailfolders/{id}/childfolders/{id}/.../messages/{id}/attachments/{id}:==> Unknown kind of segment: '...', previous segment: '{id}'.
48) /organization/{id}/certificatebasedauthconfiguration:==> Unknown kind of segment: 'certificatebasedauthconfiguration', previous segment: '{id}'.
49) /sites/{id}/drive/root:/{id}:==> Unknown kind of segment: 'root:', previous segment: 'drive'.
50) /sites/{id}/getactivitiesbyinterval(startdatetime={value},enddatetime={value},interval={value}):==> Sequence contains no elements
51) /sites/{id}/items/{id}/versions:==> Unknown kind of segment: 'versions', previous segment: '{id}'.
52) /sites/{id}/items/{id}/versions/{id}:==> Unknown kind of segment: 'versions', previous segment: '{id}'.
53) /sites/{id}/lists/{id}/items/{id}/getactivitiesbyinterval(startdatetime={value},interval={value}):==> Sequence contains no elements
54) /sites/{id}:/{id}:==> Unknown kind of segment: '{id}', previous segment: '{id}:'.
55) /users/{id}/calendargroup/calendars:==> Unknown kind of segment: 'calendargroup', previous segment: '{id}'.
56) /users/{id}/calendargroup/calendars/{id}/calendarview:==> Unknown kind of segment: 'calendargroup', previous segment: '{id}'.
57) /users/{id}/calendargroup/calendars/{id}/events:==> Unknown kind of segment: 'calendargroup', previous segment: '{id}'.
58) /users/{id}/calendargroup/calendars/{id}/events/{id}/attachments:==> Unknown kind of segment: 'calendargroup', previous segment: '{id}'.
59) /users/{id}/calendargroup/calendars/{id}/events/{id}/instances:==> Unknown kind of segment: 'calendargroup', previous segment: '{id}'.
60) /users/{id}/contactfolder/{id}/childfolders/{id}/.../contacts:==> Unknown kind of segment: 'contactfolder', previous segment: '{id}'.
61) /users/{id}/createdDateTime:==> Unknown kind of segment: 'createdDateTime', previous segment: '{id}'.
62) /users/{id}/creationType:==> Unknown kind of segment: 'creationType', previous segment: '{id}'.
63) /users/{id}/deviceKeys:==> Unknown kind of segment: 'deviceKeys', previous segment: '{id}'.
64) /users/{id}/drive/items/{id}/thumbnails/{id}/{id}:==> Unknown kind of segment: '{id}', previous segment: '{id}'.
65) /users/{id}/drive/items/{id}/thumbnails/{id}/{id}/content:==> Unknown kind of segment: '{id}', previous segment: '{id}'.
66) /users/{id}/drive/root:/{id}:==> Unknown kind of segment: 'root:', previous segment: 'drive'.
67) /users/{id}/drive/root:/{id}:/content:==> Unknown kind of segment: 'root:', previous segment: 'drive'.
68) /users/{id}/drive/root:/{id}:/permissions:==> Unknown kind of segment: 'root:', previous segment: 'drive'.
69) /users/{id}/externalUserState:==> Unknown kind of segment: 'externalUserState', previous segment: '{id}'.
70) /users/{id}/externalUserStateChangeDateTime:==> Unknown kind of segment: 'externalUserStateChangeDateTime', previous segment: '{id}'.
71) /users/{id}/identities:==> Unknown kind of segment: 'identities', previous segment: '{id}'.
72) /users/{id}/mailboxsettings/dateformat:==> Unknown kind of segment: 'dateformat', previous segment: 'mailboxsettings'.
73) /users/{id}/mailboxsettings/timeformat:==> Unknown kind of segment: 'timeformat', previous segment: 'mailboxsettings'.
74) /users/{id}/mailfolders/{id}/childfolders/{id}/.../messages/{id}/attachments/{id}:==> Unknown kind of segment: '...', previous segment: '{id}'.
75) /users/{id}/preferredDataLocation:==> Unknown kind of segment: 'preferredDataLocation', previous segment: '{id}'.
76) /users/{id}/refreshTokensValidFromDateTime:==> Unknown kind of segment: 'refreshTokensValidFromDateTime', previous segment: '{id}'.
77) /groups/{id}/drive/{id}:==> Unknown kind of segment: '{id}', previous segment: 'drive'.
78) /applications/{id}/addpassword:==> Unknown kind of first segment: 'applications'
79) /applications/{id}/owners/{id}:==> Unknown kind of first segment: 'applications'
80) /applications/{id}/removepassword:==> Unknown kind of first segment: 'applications'
81) /communications/calls:==> Unknown kind of first segment: 'communications'
82) /communications/calls/57dab8b1894c409ab240bd8beae78896/answer:==> Unknown kind of first segment: 'communications'
83) /communications/calls/7531d31f-d10d-44de-802f-c569dbca451c/participants/invite:==> Unknown kind of first segment: 'communications'
84) /communications/calls/ab6233a5-20b7-4c5e-bea2-ce56c9776429/participants/invite:==> Unknown kind of first segment: 'communications'
85) /communications/calls/{id}/answer:==> Unknown kind of first segment: 'communications'
86) /communications/calls/{id}/changescreensharingrole:==> Unknown kind of first segment: 'communications'
87) /communications/calls/{id}/participants/invite:==> Unknown kind of first segment: 'communications'
88) /communications/calls/{id}/recordresponse:==> Unknown kind of first segment: 'communications'
89) /communications/calls/{id}/redirect:==> Unknown kind of first segment: 'communications'
90) /communications/calls/{id}/subscribetotone:==> Unknown kind of first segment: 'communications'
91) /communications/calls/{id}/transfer:==> Unknown kind of first segment: 'communications'
92) /contacts/{id}/checkmembergroups:==> Unknown kind of first segment: 'contacts'
93) /contacts/{id}/getmembergroups:==> Unknown kind of first segment: 'contacts'
94) /contacts/{id}/getmemberobjects:==> Unknown kind of first segment: 'contacts'
95) /dataClassification/classifyFile:==> Unknown kind of first segment: 'dataClassification'
96) /dataClassification/classifyText:==> Unknown kind of first segment: 'dataClassification'
97) /devices/{id}/checkmemberobjects:==> Unknown kind of segment: 'checkmemberobjects', previous segment: '{id}'.
98) /groups/{id}/checkmemberobjects:==> Unknown kind of segment: 'checkmemberobjects', previous segment: '{id}'.
99) /me/calendargroup/calendars/{id}/events/{id}/accept:==> Unknown kind of segment: 'calendargroup', previous segment: 'me'.
100) /me/calendargroup/calendars/{id}/events/{id}/decline:==> Unknown kind of segment: 'calendargroup', previous segment: 'me'.
101) /me/calendargroup/calendars/{id}/events/{id}/dismissreminder:==> Unknown kind of segment: 'calendargroup', previous segment: 'me'.
102) /me/calendargroup/calendars/{id}/events/{id}/snoozereminder:==> Unknown kind of segment: 'calendargroup', previous segment: 'me'.
103) /me/calendargroup/calendars/{id}/events/{id}/tentativelyaccept:==> Unknown kind of segment: 'calendargroup', previous segment: 'me'.
104) /me/checkmemberobjects:==> Unknown kind of segment: 'checkmemberobjects', previous segment: 'me'.
105) /me/drive/root:/{id}:/createuploadsession:==> Unknown kind of segment: 'root:', previous segment: 'drive'.
106) /me/translateexchangeids:==> Unknown kind of segment: 'translateexchangeids', previous segment: 'me'.
107) /sites/{id}/items/{id}/versions/{id}/restoreversion:==> Unknown kind of segment: 'versions', previous segment: '{id}'.
108) /users/{id}/calendargroup/calendars/{id}/events/{id}/accept:==> Unknown kind of segment: 'calendargroup', previous segment: '{id}'.
109) /users/{id}/calendargroup/calendars/{id}/events/{id}/decline:==> Unknown kind of segment: 'calendargroup', previous segment: '{id}'.
110) /users/{id}/calendargroup/calendars/{id}/events/{id}/dismissreminder:==> Unknown kind of segment: 'calendargroup', previous segment: '{id}'.
111) /users/{id}/calendargroup/calendars/{id}/events/{id}/snoozereminder:==> Unknown kind of segment: 'calendargroup', previous segment: '{id}'.
112) /users/{id}/calendargroup/calendars/{id}/events/{id}/tentativelyaccept:==> Unknown kind of segment: 'calendargroup', previous segment: '{id}'.
113) /users/{id}/checkmemberobjects:==> Unknown kind of segment: 'checkmemberobjects', previous segment: '{id}'.
114) /users/{id}/drive/root:/{id}:/createuploadsession:==> Unknown kind of segment: 'root:', previous segment: 'drive'.
115) /users/{id}/translateexchangeids:==> Unknown kind of segment: 'translateexchangeids', previous segment: '{id}'.
116) /drives/{id}/items/{id}:/{id}:/content:==> Unknown kind of segment: '{id}:', previous segment: '{id}:'.
117) /groups/{id}/drive/items/{id}:/{id}:/content:==> Unknown kind of segment: '{id}:', previous segment: '{id}:'.
118) /me/drive/items/{id}:/{id}:/content:==> Unknown kind of segment: '{id}:', previous segment: '{id}:'.
119) /me/drive/root:/foldera/fileb.txt:/content:==> Unknown kind of segment: 'root:', previous segment: 'drive'.
120) /sites/{id}/drive/items/{id}:/{id}:/content:==> Unknown kind of segment: '{id}:', previous segment: '{id}:'.
121) /users/{id}/drive/items/{id}:/{id}:/content:==> Unknown kind of segment: '{id}:', previous segment: '{id}:'.
122) /users/{id}/drive/root:/foldera/fileb.txt:/content:==> Unknown kind of segment: 'root:', previous segment: 'drive'.
123) /deviceappmanagement/mobileapps/{id}/contentversions/{id}:==> Unknown kind of segment: 'contentversions', previous segment: '{id}'.
124) /deviceappmanagement/mobileapps/{id}/contentversions/{id}/files/{id}:==> Unknown kind of segment: 'contentversions', previous segment: '{id}'.
125) /devicemanagement/auditevents/{id}:==> Unknown kind of segment: 'auditevents', previous segment: 'devicemanagement'.
126) /devicemanagement/importedwindowsautopilotdeviceidentities/{id}:==> Unknown kind of segment: 'importedwindowsautopilotdeviceidentities', previous segment: 'devicemanagement'.
127) /devicemanagement/importedwindowsautopilotdeviceidentityuploads/{id}:==> Unknown kind of segment: 'importedwindowsautopilotdeviceidentityuploads', previous segment: 'devicemanagement'.
128) /devicemanagement/importedwindowsautopilotdeviceidentityuploads/{id}/deviceidentities/{id}:==> Unknown kind of segment: 'importedwindowsautopilotdeviceidentityuploads', previous segment: 'devicemanagement'.
129) /deviceappmanagement/mobileapps/{id}/contentversions:==> Unknown kind of segment: 'contentversions', previous segment: '{id}'.
130) /deviceappmanagement/mobileapps/{id}/contentversions/{id}/files:==> Unknown kind of segment: 'contentversions', previous segment: '{id}'.
131) /devicemanagement/auditevents:==> Unknown kind of segment: 'auditevents', previous segment: 'devicemanagement'.
132) /devicemanagement/auditevents/getauditactivitytypes:==> Unknown kind of segment: 'auditevents', previous segment: 'devicemanagement'.
133) /devicemanagement/auditevents/getauditcategories:==> Unknown kind of segment: 'auditevents', previous segment: 'devicemanagement'.
134) /devicemanagement/importedwindowsautopilotdeviceidentities:==> Unknown kind of segment: 'importedwindowsautopilotdeviceidentities', previous segment: 'devicemanagement'.
135) /devicemanagement/importedwindowsautopilotdeviceidentityuploads:==> Unknown kind of segment: 'importedwindowsautopilotdeviceidentityuploads', previous segment: 'devicemanagement'.
136) /devicemanagement/importedwindowsautopilotdeviceidentityuploads/{id}/autopilotdevicestream:==> Unknown kind of segment: 'importedwindowsautopilotdeviceidentityuploads', previous segment: 'devicemanagement'.
137) /devicemanagement/importedwindowsautopilotdeviceidentityuploads/{id}/deviceidentities:==> Unknown kind of segment: 'importedwindowsautopilotdeviceidentityuploads', previous segment: 'devicemanagement'.
138) /drives/{id}/items/{id}/workbook/names/{id}/range/boundingrect:==> Sequence contains no elements
139) /drives/{id}/items/{id}/workbook/names/{id}/range/cell:==> Sequence contains no elements
140) /drives/{id}/items/{id}/workbook/names/{id}/range/column:==> Sequence contains no elements
141) /drives/{id}/items/{id}/workbook/names/{id}/range/intersection:==> Sequence contains no elements
142) /drives/{id}/items/{id}/workbook/names/{id}/range/offsetrange:==> Sequence contains no elements
143) /drives/{id}/items/{id}/workbook/tables/{id}/columns/{id}/range/boundingrect:==> Sequence contains no elements
144) /drives/{id}/items/{id}/workbook/tables/{id}/columns/{id}/range/cell:==> Sequence contains no elements
145) /drives/{id}/items/{id}/workbook/tables/{id}/columns/{id}/range/column:==> Sequence contains no elements
146) /drives/{id}/items/{id}/workbook/tables/{id}/columns/{id}/range/intersection:==> Sequence contains no elements
147) /drives/{id}/items/{id}/workbook/tables/{id}/columns/{id}/range/offsetrange:==> Sequence contains no elements
148) /drives/{id}/items/{id}/workbook/tables/{id}/sort/fields/icon:==> Unknown kind of segment: 'icon', previous segment: 'fields'.
149) /drives/{id}/items/{id}/workbook/worksheets/{id}/range(address='<address>'/entirerow:==> Invalid identifier range(address='<address>', cannot find the end character ')'
150) /drives/{id}/items/{id}/workbook/worksheets/{id}/range(address={value})/boundingrect:==> Sequence contains no elements
151) /drives/{id}/items/{id}/workbook/worksheets/{id}/range(address={value})/cell:==> Sequence contains no elements
152) /drives/{id}/items/{id}/workbook/worksheets/{id}/range(address={value})/column:==> Sequence contains no elements
153) /drives/{id}/items/{id}/workbook/worksheets/{id}/range(address={value})/intersection:==> Sequence contains no elements
154) /drives/{id}/items/{id}/workbook/worksheets/{id}/range(address={value})/offsetrange:==> Sequence contains no elements
155) /drives/{id}/items/{id}/workbook/worksheets/{id}/tables/{id}/sort/fields/icon:==> Unknown kind of segment: 'icon', previous segment: 'fields'.
156) /me/createdDateTime:==> Unknown kind of segment: 'createdDateTime', previous segment: 'me'.
157) /me/creationType:==> Unknown kind of segment: 'creationType', previous segment: 'me'.
158) /me/deviceKeys:==> Unknown kind of segment: 'deviceKeys', previous segment: 'me'.
159) /me/externalUserState:==> Unknown kind of segment: 'externalUserState', previous segment: 'me'.
160) /me/externalUserStateChangeDateTime:==> Unknown kind of segment: 'externalUserStateChangeDateTime', previous segment: 'me'.
161) /me/findRoomLists:==> Unknown kind of segment: 'findRoomLists', previous segment: 'me'.
162) /me/findRooms:==> Unknown kind of segment: 'findRooms', previous segment: 'me'.
163) /me/identities:==> Unknown kind of segment: 'identities', previous segment: 'me'.
164) /me/preferredDataLocation:==> Unknown kind of segment: 'preferredDataLocation', previous segment: 'me'.
165) /me/refreshTokensValidFromDateTime:==> Unknown kind of segment: 'refreshTokensValidFromDateTime', previous segment: 'me'.
166) /teams/{id}/channels/{id}/members:==> Unknown kind of segment: 'members', previous segment: '{id}'.
167) /deviceappmanagement/managedapppolicies/{id}/assign:==> Unknown kind of segment: 'assign', previous segment: '{id}'.
168) /deviceappmanagement/managedappregistrations/{id}/appliedpolicies/{id}/assign:==> Unknown kind of segment: 'assign', previous segment: '{id}'.
169) /deviceappmanagement/managedappregistrations/{id}/intendedpolicies/{id}/assign:==> Unknown kind of segment: 'assign', previous segment: '{id}'.
170) /deviceappmanagement/mobileapps/{id}/contentversions/{id}/files/{id}/commit:==> Unknown kind of segment: 'contentversions', previous segment: '{id}'.
171) /deviceappmanagement/mobileapps/{id}/contentversions/{id}/files/{id}/renewupload:==> Unknown kind of segment: 'contentversions', previous segment: '{id}'.
172) /deviceappmanagement/targetedmanagedappconfigurations/{id}/targetapps:==> Sequence contains more than one element
173) /drives/{id}/items/{id}/workbook/names/{id}/range/format/borders/itemat:==> Sequence contains no elements
174) /drives/{id}/items/{id}/workbook/names/{id}/range/row:==> Sequence contains no elements
175) /drives/{id}/items/{id}/workbook/tables/{id}/add:==> Unknown kind of segment: 'add', previous segment: '{id}'.
176) /drives/{id}/items/{id}/workbook/tables/{id}/columns/itemat:==> Sequence contains no elements
177) /drives/{id}/items/{id}/workbook/tables/{id}/columns/{id}/delete:==> Unknown kind of segment: 'delete', previous segment: '{id}'.
178) /drives/{id}/items/{id}/workbook/tables/{id}/columns/{id}/range/format/borders/itemat:==> Sequence contains no elements
179) /drives/{id}/items/{id}/workbook/tables/{id}/columns/{id}/range/row:==> Sequence contains no elements
180) /drives/{id}/items/{id}/workbook/tables/{id}/delete:==> Unknown kind of segment: 'delete', previous segment: '{id}'.
181) /drives/{id}/items/{id}/workbook/tables/{id}/rows/itemat:==> Sequence contains no elements
182) /drives/{id}/items/{id}/workbook/tables/{id}/rows/{id}/delete:==> Unknown kind of segment: 'delete', previous segment: '{id}'.
183) /drives/{id}/items/{id}/workbook/worksheets/{id}/charts/itemat:==> Sequence contains no elements
184) /drives/{id}/items/{id}/workbook/worksheets/{id}/charts/{id}/delete:==> Unknown kind of segment: 'delete', previous segment: '{id}'.
185) /drives/{id}/items/{id}/workbook/worksheets/{id}/charts/{id}/series/itemat:==> Sequence contains no elements
186) /drives/{id}/items/{id}/workbook/worksheets/{id}/charts/{id}/series/{id}/points/itemat:==> Sequence contains no elements
187) /drives/{id}/items/{id}/workbook/worksheets/{id}/delete:==> Unknown kind of segment: 'delete', previous segment: '{id}'.
188) /drives/{id}/items/{id}/workbook/worksheets/{id}/range(address={value})/format/borders/itemat:==> Sequence contains no elements
189) /drives/{id}/items/{id}/workbook/worksheets/{id}/range(address={value})/row:==> Sequence contains no elements
190) /drives/{id}/items/{id}/workbook/worksheets/{id}/tables/{id}/columns/itemat:==> Sequence contains no elements
191) /drives/{id}/items/{id}/workbook/worksheets/{id}/tables/{id}/columns/{id}/delete:==> Unknown kind of segment: 'delete', previous segment: '{id}'.
192) /drives/{id}/items/{id}/workbook/worksheets/{id}/tables/{id}/delete:==> Unknown kind of segment: 'delete', previous segment: '{id}'.
193) /drives/{id}/items/{id}/workbook/worksheets/{id}/tables/{id}/rows/itemat:==> Sequence contains no elements
194) /drives/{id}/items/{id}/workbook/worksheets/{id}/tables/{id}/rows/{id}/delete:==> Unknown kind of segment: 'delete', previous segment: '{id}'.
195) /me/onlinemeetings:==> Unknown kind of segment: 'onlinemeetings', previous segment: 'me'.
196) /users/{id}/onlinemeetings:==> Unknown kind of segment: 'onlinemeetings', previous segment: '{id}'.


***********[[Permission Parse Error]]***********
1) microsoft.graph/directory/deletedItems:==> Invalid path kind 'SingleNavigation' in 'POST'
2) microsoft.graph/drives/items:==> Invalid path kind 'SingleNavigation' in 'POST'
3) microsoft.graph/drives/items/content:==> Unknown http verb PUT
4) microsoft.graph/groups/drive/items/content:==> Unknown http verb PUT
5) microsoft.graph/groups/photo:==> Unknown http verb PUT
6) microsoft.graph/groups/team:==> Unknown http verb PUT
7) microsoft.graph/me/drive/items/content:==> Unknown http verb PUT
8) microsoft.graph/sites/drive/items/content:==> Unknown http verb PUT
9) microsoft.graph/users/contactFolders/contacts/photo:==> Unknown http verb PUT
10) microsoft.graph/users/contacts/photo:==> Unknown http verb PUT
11) microsoft.graph/users/drive/items/content:==> Unknown http verb PUT
12) microsoft.graph/users/mailFolders/childFolders/messages/attachments:==> Invalid path kind 'SingleNavigation' in 'POST'
13) microsoft.graph/users/manager:==> Unknown http verb PUT
14) microsoft.graph/users/photo:==> Unknown http verb PUT
15) microsoft.graph/appCatalogs/teamsApps:==> Unknown http verb PUT
16) microsoft.graph/me/activities:==> Unknown http verb PUT
17) microsoft.graph/me/activities/historyItems:==> Unknown http verb PUT
18) microsoft.graph/users/activities:==> Unknown http verb PUT
19) microsoft.graph/users/activities/historyItems:==> Unknown http verb PUT
20) microsoft.graph/deviceAppManagement:==> Invalid path kind 'Singleton' in 'PATCH'
21) microsoft.graph/drives/items/workbook/tables/columns/range():==> Invalid path kind 'Operation' in 'PATCH'
22) microsoft.graph/drives/items/workbook/worksheets/range(address):==> Invalid path kind 'Operation' in 'PATCH'
23) microsoft.graph/me/contactFolders/contacts/photo:==> Unknown http verb PUT
24) microsoft.graph/me/contacts/photo:==> Unknown http verb PUT
25) microsoft.graph/me/photo:==> Unknown http verb PUT
26) microsoft.graph/drives/items/workbook/names/range():==> Invalid path kind 'Operation' in 'PATCH'
